[19:59:27] [ServerMain/INFO]: [bootstrap] Running Java 21 (OpenJDK 64-Bit Server VM 21.0.5+11-Ubuntu-1ubuntu120.04; Ubuntu null) on Linux 6.5.0-1025-azure (amd64)
[19:59:27] [ServerMain/INFO]: [bootstrap] Loading Paper 1.21-130-master@b1b5d4c (2024-08-10T10:02:42Z) for Minecraft 1.21
[19:59:27] [ServerMain/INFO]: [PluginInitializerManager] Initializing plugins...
[19:59:28] [ServerMain/INFO]: [PluginInitializerManager] Initialized 0 plugins
[19:59:42] [ServerMain/INFO]: Environment: Environment[sessionHost=https://sessionserver.mojang.com, servicesHost=https://api.minecraftservices.com, name=PROD]
[19:59:47] [ServerMain/INFO]: Loaded 1290 recipes
[19:59:47] [ServerMain/INFO]: Loaded 1399 advancements
[19:59:48] [Server thread/INFO]: Starting minecraft server version 1.21
[19:59:48] [Server thread/INFO]: Loading properties
[19:59:48] [Server thread/INFO]: This server is running Paper version 1.21-130-master@b1b5d4c (2024-08-10T10:02:42Z) (Implementing API version 1.21-R0.1-SNAPSHOT)
[19:59:50] [Server thread/INFO]: [spark] This server bundles the spark profiler. For more information please visit https://docs.papermc.io/paper/profiling
[19:59:50] [Server thread/INFO]: Server Ping Player Sample Count: 12
[19:59:50] [Server thread/INFO]: Using 4 threads for Netty based IO
[19:59:52] [Server thread/INFO]: [ChunkTaskScheduler] Chunk system is using 1 I/O threads, 1 worker threads, and population gen parallelism of 1 threads
[19:59:53] [Server thread/INFO]: Default game type: SURVIVAL
[19:59:53] [Server thread/INFO]: Generating keypair
[19:59:53] [Server thread/INFO]: Starting Minecraft server on *:25565
[19:59:54] [Server thread/INFO]: Using epoll channel type
[19:59:54] [Server thread/INFO]: Paper: Using libdeflate (Linux x86_64) compression from Velocity.
[19:59:54] [Server thread/INFO]: Paper: Using OpenSSL 1.1.x (Linux x86_64) cipher from Velocity.
[19:59:54] [Server thread/INFO]: Server permissions file permissions.yml is empty, ignoring it
[19:59:54] [Server thread/WARN]: **** SERVER IS RUNNING IN OFFLINE/INSECURE MODE!
[19:59:54] [Server thread/WARN]: The server will make no attempt to authenticate usernames. Beware.
[19:59:54] [Server thread/WARN]: While this makes the game possible to play without internet access, it also opens up the ability for hackers to connect with any username they choose.
[19:59:54] [Server thread/WARN]: To change this, set "online-mode" to "true" in the server.properties file.
[19:59:54] [Server thread/INFO]: Preparing level "world"
[19:59:56] [Server thread/INFO]: Preparing start region for dimension minecraft:overworld
[20:00:00] [Server thread/INFO]: Time elapsed: 3633 ms
[20:00:00] [Server thread/INFO]: Preparing start region for dimension minecraft:the_nether
[20:00:01] [Server thread/INFO]: Time elapsed: 1747 ms
[20:00:01] [Server thread/INFO]: Preparing start region for dimension minecraft:the_end
[20:00:02] [Server thread/INFO]: Time elapsed: 539 ms
[20:00:02] [Server thread/INFO]: [spark] Starting background profiler...
[20:00:03] [Server thread/INFO]: Done preparing level "world" (9.244s)
[20:00:03] [Server thread/INFO]: Running delayed init tasks
[20:00:03] [Server thread/INFO]: Done (40.690s)! For help, type "help"
[20:00:03] [Server thread/INFO]: Timings Reset
[20:01:17] [User Authenticator #0/INFO]: UUID of player Danielitoram is 0bfc4953-a3c1-3728-8df4-7f75f154cf46
[20:01:19] [Server thread/INFO]: Danielitoram joined the game
[20:01:20] [Server thread/INFO]: Danielitoram[/127.14.192.93:56875] logged in with entity id 51 at ([world]-290.69999998807907, 72.875, 882.7675956667766)
[20:03:12] [User Authenticator #1/INFO]: UUID of player nommsmry is 03bdfd16-2b23-37aa-92ca-f8136b385d68
[20:03:18] [Server thread/INFO]: nommsmry joined the game
[20:03:18] [Server thread/INFO]: nommsmry[/127.35.151.246:35961] logged in with entity id 567 at ([world]-291.4858831477684, 75.0, 891.7925961326685)
[20:03:40] [Async Chat Thread - #0/INFO]: [Not Secure] <Danielitoram> yaaa
[20:04:01] [Async Chat Thread - #0/INFO]: [Not Secure] <nommsmry> Gampiton
[20:04:13] [Async Chat Thread - #0/INFO]: [Not Secure] <Danielitoram> ya me meti el aristoys, huzuni, meteor, future, rusherhack, abyss, gs,
[20:04:20] [Server thread/INFO]: Danielitoram was slain by nommsmry
[20:04:25] [Async Chat Thread - #0/INFO]: [Not Secure] <nommsmry> Bacan
[20:04:34] [Async Chat Thread - #0/INFO]: [Not Secure] <Danielitoram> tamaree
[20:04:36] [Async Chat Thread - #1/INFO]: [Not Secure] <Danielitoram> mi tridente mano
[20:05:09] [Async Chat Thread - #0/INFO]: [Not Secure] <nommsmry> Voy a por vacotas
[20:05:13] [Async Chat Thread - #0/INFO]: [Not Secure] <Danielitoram> ya
[20:06:01] [Async Chat Thread - #0/INFO]: [Not Secure] <Danielitoram> ahun no vez mi camino
[20:06:35] [Async Chat Thread - #0/INFO]: [Not Secure] <nommsmry> Q camino
[20:06:40] [Async Chat Thread - #0/INFO]: [Not Secure] <Danielitoram> del nether
[20:06:50] [Server thread/INFO]: Danielitoram was slain by Iron Golem
[20:06:50] [Async Chat Thread - #0/INFO]: [Not Secure] <nommsmry> Aya
[20:06:54] [Async Chat Thread - #0/INFO]: [Not Secure] <nommsmry> No aun no
[20:08:12] [Async Chat Thread - #3/INFO]: [Not Secure] <nommsmry> Need more chests
[20:08:31] [Async Chat Thread - #3/INFO]: [Not Secure] <Danielitoram> habla españapple porfa
[20:08:33] [Async Chat Thread - #3/INFO]: [Not Secure] <nommsmry> Wood
[20:08:58] [Async Chat Thread - #3/INFO]: [Not Secure] <nommsmry> We need more chests and also made
